<?xml version="1.0" encoding="UTF-8"?>
<!-- Generated by org.testng.reporters.JUnitReportReporter -->
<testsuite skipped="0" hostname="BUTU" name="in.licious.test.ValidLoginTest" tests="1" failures="0" timestamp="11 Jan 2018 04:00:24 GMT" time="37.327" errors="0">
  <testcase name="testValidLoginTest" time="37.327" classname="in.licious.test.ValidLoginTest"/>
</testsuite> <!-- in.licious.test.ValidLoginTest -->
